# JRE version: OpenJDK Runtime Environment Temurin-21.0.6+7 (21.0.6+7) (build 21.0.6+7-LTS)
# Java VM: OpenJDK 64-Bit Server VM Temurin-21.0.6+7 (21.0.6+7-LTS, mixed mode, sharing, tiered, compressed oops, compressed class ptrs, parallel gc, windows-amd64)
GC Precious Log:
 CardTable entry size: 512
 CPUs: 8 total, 8 available
 Memory: 16273M
 Large Page Support: Disabled
 NUMA Support: Disabled
 Compressed Oops: Enabled (32-bit)
 Alignments: Space 512K, Generation 512K, Heap 2M
 Heap Min Capacity: 100M
 Heap Initial Capacity: 100M
 Heap Max Capacity: 1G
 Pre-touch: Disabled
 Parallel Workers: 8
Heap:
 PSYoungGen      total 4096K, used 1674K [0x00000000eab00000, 0x00000000eb080000, 0x0000000100000000)
  eden space 3584K, 39% used [0x00000000eab00000,0x00000000eac62ba0,0x00000000eae80000)
  from space 512K, 50% used [0x00000000eaf80000,0x00000000eafc0000,0x00000000eb000000)
  to   space 512K, 0% used [0x00000000eb000000,0x00000000eb000000,0x00000000eb080000)
 ParOldGen       total 514560K, used 194638K [0x00000000c0000000, 0x00000000df680000, 0x00000000eab00000)
  object space 514560K, 37% used [0x00000000c0000000,0x00000000cbe13a88,0x00000000df680000)
 Metaspace       used 58875K, committed 60160K, reserved 1114112K
  class space    used 6170K, committed 6720K, reserved 1048576K
GC Heap History (20 events):
Event: 29.396 GC heap before
{Heap before GC invocations=917 (full 3):
 PSYoungGen      total 5120K, used 5093K [0x00000000eab00000, 0x00000000eb100000, 0x0000000100000000)
  eden space 4608K, 99% used [0x00000000eab00000,0x00000000eaf7e798,0x00000000eaf80000)
  from space 512K, 96% used [0x00000000eb000000,0x00000000eb07ae90,0x00000000eb080000)
  to   space 512K, 0% used [0x00000000eb080000,0x00000000eb080000,0x00000000eb100000)
 ParOldGen       total 514560K, used 187524K [0x00000000c0000000, 0x00000000df680000, 0x00000000eab00000)
  object space 514560K, 36% used [0x00000000c0000000,0x00000000cb721350,0x00000000df680000)
 Metaspace       used 58858K, committed 60160K, reserved 1114112K
  class space    used 6170K, committed 6720K, reserved 1048576K
}
Event: 29.400 GC heap after
{Heap after GC invocations=917 (full 3):
 PSYoungGen      total 4096K, used 512K [0x00000000eab00000, 0x00000000eb380000, 0x0000000100000000)
  eden space 3584K, 0% used [0x00000000eab00000,0x00000000eab00000,0x00000000eae80000)
  from space 512K, 100% used [0x00000000eb080000,0x00000000eb100000,0x00000000eb100000)
  to   space 2048K, 0% used [0x00000000eae80000,0x00000000eae80000,0x00000000eb080000)
 ParOldGen       total 514560K, used 188932K [0x00000000c0000000, 0x00000000df680000, 0x00000000eab00000)
  object space 514560K, 36% used [0x00000000c0000000,0x00000000cb8812a0,0x00000000df680000)
 Metaspace       used 58858K, committed 60160K, reserved 1114112K
  class space    used 6170K, committed 6720K, reserved 1048576K
}
Event: 29.421 GC heap before
{Heap before GC invocations=918 (full 3):
 PSYoungGen      total 4096K, used 4096K [0x00000000eab00000, 0x00000000eb380000, 0x0000000100000000)
  eden space 3584K, 100% used [0x00000000eab00000,0x00000000eae80000,0x00000000eae80000)
  from space 512K, 100% used [0x00000000eb080000,0x00000000eb100000,0x00000000eb100000)
  to   space 2048K, 0% used [0x00000000eae80000,0x00000000eae80000,0x00000000eb080000)
 ParOldGen       total 514560K, used 188932K [0x00000000c0000000, 0x00000000df680000, 0x00000000eab00000)
  object space 514560K, 36% used [0x00000000c0000000,0x00000000cb8812a0,0x00000000df680000)
 Metaspace       used 58867K, committed 60160K, reserved 1114112K
  class space    used 6170K, committed 6720K, reserved 1048576K
}
Event: 29.422 GC heap after
{Heap after GC invocations=918 (full 3):
 PSYoungGen      total 5632K, used 1866K [0x00000000eab00000, 0x00000000eb280000, 0x0000000100000000)
  eden space 3584K, 0% used [0x00000000eab00000,0x00000000eab00000,0x00000000eae80000)
  from space 2048K, 91% used [0x00000000eae80000,0x00000000eb052b10,0x00000000eb080000)
  to   space 2048K, 0% used [0x00000000eb080000,0x00000000eb080000,0x00000000eb280000)
 ParOldGen       total 514560K, used 189318K [0x00000000c0000000, 0x00000000df680000, 0x00000000eab00000)
  object space 514560K, 36% used [0x00000000c0000000,0x00000000cb8e1998,0x00000000df680000)
 Metaspace       used 58867K, committed 60160K, reserved 1114112K
  class space    used 6170K, committed 6720K, reserved 1048576K
}
Event: 29.437 GC heap before
{Heap before GC invocations=919 (full 3):
 PSYoungGen      total 5632K, used 5450K [0x00000000eab00000, 0x00000000eb280000, 0x0000000100000000)
  eden space 3584K, 100% used [0x00000000eab00000,0x00000000eae80000,0x00000000eae80000)
  from space 2048K, 91% used [0x00000000eae80000,0x00000000eb052b10,0x00000000eb080000)
  to   space 2048K, 0% used [0x00000000eb080000,0x00000000eb080000,0x00000000eb280000)
 ParOldGen       total 514560K, used 189318K [0x00000000c0000000, 0x00000000df680000, 0x00000000eab00000)
  object space 514560K, 36% used [0x00000000c0000000,0x00000000cb8e1998,0x00000000df680000)
 Metaspace       used 58868K, committed 60160K, reserved 1114112K
  class space    used 6170K, committed 6720K, reserved 1048576K
}
Event: 29.441 GC heap after
{Heap after GC invocations=919 (full 3):
 PSYoungGen      total 5632K, used 1456K [0x00000000eab00000, 0x00000000eb280000, 0x0000000100000000)
  eden space 3584K, 0% used [0x00000000eab00000,0x00000000eab00000,0x00000000eae80000)
  from space 2048K, 71% used [0x00000000eb080000,0x00000000eb1ec2c8,0x00000000eb280000)
  to   space 2048K, 0% used [0x00000000eae80000,0x00000000eae80000,0x00000000eb080000)
 ParOldGen       total 514560K, used 191020K [0x00000000c0000000, 0x00000000df680000, 0x00000000eab00000)
  object space 514560K, 37% used [0x00000000c0000000,0x00000000cba8b2a8,0x00000000df680000)
 Metaspace       used 58868K, committed 60160K, reserved 1114112K
  class space    used 6170K, committed 6720K, reserved 1048576K
}
Event: 29.452 GC heap before
{Heap before GC invocations=920 (full 3):
 PSYoungGen      total 5632K, used 5040K [0x00000000eab00000, 0x00000000eb280000, 0x0000000100000000)
  eden space 3584K, 99% used [0x00000000eab00000,0x00000000eae7fff0,0x00000000eae80000)
  from space 2048K, 71% used [0x00000000eb080000,0x00000000eb1ec2c8,0x00000000eb280000)
  to   space 2048K, 0% used [0x00000000eae80000,0x00000000eae80000,0x00000000eb080000)
 ParOldGen       total 514560K, used 191020K [0x00000000c0000000, 0x00000000df680000, 0x00000000eab00000)
  object space 514560K, 37% used [0x00000000c0000000,0x00000000cba8b2a8,0x00000000df680000)
 Metaspace       used 58868K, committed 60160K, reserved 1114112K
  class space    used 6170K, committed 6720K, reserved 1048576K
}
Event: 29.454 GC heap after
{Heap after GC invocations=920 (full 3):
 PSYoungGen      total 4608K, used 728K [0x00000000eab00000, 0x00000000eb180000, 0x0000000100000000)
  eden space 3584K, 0% used [0x00000000eab00000,0x00000000eab00000,0x00000000eae80000)
  from space 1024K, 71% used [0x00000000eae80000,0x00000000eaf36000,0x00000000eaf80000)
  to   space 1536K, 0% used [0x00000000eb000000,0x00000000eb000000,0x00000000eb180000)
 ParOldGen       total 514560K, used 192327K [0x00000000c0000000, 0x00000000df680000, 0x00000000eab00000)
  object space 514560K, 37% used [0x00000000c0000000,0x00000000cbbd1df0,0x00000000df680000)
 Metaspace       used 58868K, committed 60160K, reserved 1114112K
  class space    used 6170K, committed 6720K, reserved 1048576K
}
Event: 29.465 GC heap before
{Heap before GC invocations=921 (full 3):
 PSYoungGen      total 4608K, used 4312K [0x00000000eab00000, 0x00000000eb180000, 0x0000000100000000)
  eden space 3584K, 100% used [0x00000000eab00000,0x00000000eae80000,0x00000000eae80000)
  from space 1024K, 71% used [0x00000000eae80000,0x00000000eaf36000,0x00000000eaf80000)
  to   space 1536K, 0% used [0x00000000eb000000,0x00000000eb000000,0x00000000eb180000)
 ParOldGen       total 514560K, used 192327K [0x00000000c0000000, 0x00000000df680000, 0x00000000eab00000)
  object space 514560K, 37% used [0x00000000c0000000,0x00000000cbbd1df0,0x00000000df680000)
 Metaspace       used 58868K, committed 60160K, reserved 1114112K
  class space    used 6170K, committed 6720K, reserved 1048576K
}
Event: 29.467 GC heap after
{Heap after GC invocations=921 (full 3):
 PSYoungGen      total 4096K, used 477K [0x00000000eab00000, 0x00000000eb080000, 0x0000000100000000)
  eden space 3584K, 0% used [0x00000000eab00000,0x00000000eab00000,0x00000000eae80000)
  from space 512K, 93% used [0x00000000eb000000,0x00000000eb077538,0x00000000eb080000)
  to   space 1024K, 0% used [0x00000000eae80000,0x00000000eae80000,0x00000000eaf80000)
 ParOldGen       total 514560K, used 192936K [0x00000000c0000000, 0x00000000df680000, 0x00000000eab00000)
  object space 514560K, 37% used [0x00000000c0000000,0x00000000cbc6a338,0x00000000df680000)
 Metaspace       used 58868K, committed 60160K, reserved 1114112K
  class space    used 6170K, committed 6720K, reserved 1048576K
}
Event: 29.480 GC heap before
{Heap before GC invocations=922 (full 3):
 PSYoungGen      total 4096K, used 4061K [0x00000000eab00000, 0x00000000eb080000, 0x0000000100000000)
  eden space 3584K, 100% used [0x00000000eab00000,0x00000000eae80000,0x00000000eae80000)
  from space 512K, 93% used [0x00000000eb000000,0x00000000eb077538,0x00000000eb080000)
  to   space 1024K, 0% used [0x00000000eae80000,0x00000000eae80000,0x00000000eaf80000)
 ParOldGen       total 514560K, used 192936K [0x00000000c0000000, 0x00000000df680000, 0x00000000eab00000)
  object space 514560K, 37% used [0x00000000c0000000,0x00000000cbc6a338,0x00000000df680000)
 Metaspace       used 58869K, committed 60160K, reserved 1114112K
  class space    used 6170K, committed 6720K, reserved 1048576K
}
Event: 29.481 GC heap after
{Heap after GC invocations=922 (full 3):
 PSYoungGen      total 4608K, used 403K [0x00000000eab00000, 0x00000000eb080000, 0x0000000100000000)
  eden space 3584K, 0% used [0x00000000eab00000,0x00000000eab00000,0x00000000eae80000)
  from space 1024K, 39% used [0x00000000eae80000,0x00000000eaee4df8,0x00000000eaf80000)
  to   space 512K, 0% used [0x00000000eb000000,0x00000000eb000000,0x00000000eb080000)
 ParOldGen       total 514560K, used 193304K [0x00000000c0000000, 0x00000000df680000, 0x00000000eab00000)
  object space 514560K, 37% used [0x00000000c0000000,0x00000000cbcc6338,0x00000000df680000)
 Metaspace       used 58869K, committed 60160K, reserved 1114112K
  class space    used 6170K, committed 6720K, reserved 1048576K
}
Event: 29.489 GC heap before
{Heap before GC invocations=923 (full 3):
 PSYoungGen      total 4608K, used 3987K [0x00000000eab00000, 0x00000000eb080000, 0x0000000100000000)
  eden space 3584K, 100% used [0x00000000eab00000,0x00000000eae80000,0x00000000eae80000)
  from space 1024K, 39% used [0x00000000eae80000,0x00000000eaee4df8,0x00000000eaf80000)
  to   space 512K, 0% used [0x00000000eb000000,0x00000000eb000000,0x00000000eb080000)
 ParOldGen       total 514560K, used 193304K [0x00000000c0000000, 0x00000000df680000, 0x00000000eab00000)
  object space 514560K, 37% used [0x00000000c0000000,0x00000000cbcc6338,0x00000000df680000)
 Metaspace       used 58869K, committed 60160K, reserved 1114112K
  class space    used 6170K, committed 6720K, reserved 1048576K
}
Event: 29.490 GC heap after
{Heap after GC invocations=923 (full 3):
 PSYoungGen      total 4096K, used 352K [0x00000000eab00000, 0x00000000eb080000, 0x0000000100000000)
  eden space 3584K, 0% used [0x00000000eab00000,0x00000000eab00000,0x00000000eae80000)
  from space 512K, 68% used [0x00000000eb000000,0x00000000eb058000,0x00000000eb080000)
  to   space 512K, 0% used [0x00000000eaf80000,0x00000000eaf80000,0x00000000eb000000)
 ParOldGen       total 514560K, used 193579K [0x00000000c0000000, 0x00000000df680000, 0x00000000eab00000)
  object space 514560K, 37% used [0x00000000c0000000,0x00000000cbd0af20,0x00000000df680000)
 Metaspace       used 58869K, committed 60160K, reserved 1114112K
  class space    used 6170K, committed 6720K, reserved 1048576K
}
Event: 29.500 GC heap before
{Heap before GC invocations=924 (full 3):
 PSYoungGen      total 4096K, used 3936K [0x00000000eab00000, 0x00000000eb080000, 0x0000000100000000)
  eden space 3584K, 100% used [0x00000000eab00000,0x00000000eae80000,0x00000000eae80000)
  from space 512K, 68% used [0x00000000eb000000,0x00000000eb058000,0x00000000eb080000)
  to   space 512K, 0% used [0x00000000eaf80000,0x00000000eaf80000,0x00000000eb000000)
 ParOldGen       total 514560K, used 193579K [0x00000000c0000000, 0x00000000df680000, 0x00000000eab00000)
  object space 514560K, 37% used [0x00000000c0000000,0x00000000cbd0af20,0x00000000df680000)
 Metaspace       used 58869K, committed 60160K, reserved 1114112K
  class space    used 6170K, committed 6720K, reserved 1048576K
}
Event: 29.502 GC heap after
{Heap after GC invocations=924 (full 3):
 PSYoungGen      total 4096K, used 470K [0x00000000eab00000, 0x00000000eb080000, 0x0000000100000000)
  eden space 3584K, 0% used [0x00000000eab00000,0x00000000eab00000,0x00000000eae80000)
  from space 512K, 91% used [0x00000000eaf80000,0x00000000eaff59a8,0x00000000eb000000)
  to   space 512K, 0% used [0x00000000eb000000,0x00000000eb000000,0x00000000eb080000)
 ParOldGen       total 514560K, used 193795K [0x00000000c0000000, 0x00000000df680000, 0x00000000eab00000)
  object space 514560K, 37% used [0x00000000c0000000,0x00000000cbd40f20,0x00000000df680000)
 Metaspace       used 58869K, committed 60160K, reserved 1114112K
  class space    used 6170K, committed 6720K, reserved 1048576K
}
Event: 29.521 GC heap before
{Heap before GC invocations=925 (full 3):
 PSYoungGen      total 4096K, used 4054K [0x00000000eab00000, 0x00000000eb080000, 0x0000000100000000)
  eden space 3584K, 99% used [0x00000000eab00000,0x00000000eae7fff0,0x00000000eae80000)
  from space 512K, 91% used [0x00000000eaf80000,0x00000000eaff59a8,0x00000000eb000000)
  to   space 512K, 0% used [0x00000000eb000000,0x00000000eb000000,0x00000000eb080000)
 ParOldGen       total 514560K, used 193795K [0x00000000c0000000, 0x00000000df680000, 0x00000000eab00000)
  object space 514560K, 37% used [0x00000000c0000000,0x00000000cbd40f20,0x00000000df680000)
 Metaspace       used 58874K, committed 60160K, reserved 1114112K
  class space    used 6170K, committed 6720K, reserved 1048576K
}
Event: 29.522 GC heap after
{Heap after GC invocations=925 (full 3):
 PSYoungGen      total 4096K, used 453K [0x00000000eab00000, 0x00000000eb080000, 0x0000000100000000)
  eden space 3584K, 0% used [0x00000000eab00000,0x00000000eab00000,0x00000000eae80000)
  from space 512K, 88% used [0x00000000eb000000,0x00000000eb0717e0,0x00000000eb080000)
  to   space 512K, 0% used [0x00000000eaf80000,0x00000000eaf80000,0x00000000eb000000)
 ParOldGen       total 514560K, used 194019K [0x00000000c0000000, 0x00000000df680000, 0x00000000eab00000)
  object space 514560K, 37% used [0x00000000c0000000,0x00000000cbd78f20,0x00000000df680000)
 Metaspace       used 58874K, committed 60160K, reserved 1114112K
  class space    used 6170K, committed 6720K, reserved 1048576K
}
Event: 29.528 GC heap before
{Heap before GC invocations=926 (full 3):
 PSYoungGen      total 4096K, used 4037K [0x00000000eab00000, 0x00000000eb080000, 0x0000000100000000)
  eden space 3584K, 99% used [0x00000000eab00000,0x00000000eae7fff8,0x00000000eae80000)
  from space 512K, 88% used [0x00000000eb000000,0x00000000eb0717e0,0x00000000eb080000)
  to   space 512K, 0% used [0x00000000eaf80000,0x00000000eaf80000,0x00000000eb000000)
 ParOldGen       total 514560K, used 194019K [0x00000000c0000000, 0x00000000df680000, 0x00000000eab00000)
  object space 514560K, 37% used [0x00000000c0000000,0x00000000cbd78f20,0x00000000df680000)
 Metaspace       used 58875K, committed 60160K, reserved 1114112K
  class space    used 6170K, committed 6720K, reserved 1048576K
}
Event: 29.529 GC heap after
{Heap after GC invocations=926 (full 3):
 PSYoungGen      total 4096K, used 320K [0x00000000eab00000, 0x00000000eb080000, 0x0000000100000000)
  eden space 3584K, 0% used [0x00000000eab00000,0x00000000eab00000,0x00000000eae80000)
  from space 512K, 62% used [0x00000000eaf80000,0x00000000eafd0000,0x00000000eb000000)
  to   space 512K, 0% used [0x00000000eb000000,0x00000000eb000000,0x00000000eb080000)
 ParOldGen       total 514560K, used 194297K [0x00000000c0000000, 0x00000000df680000, 0x00000000eab00000)
  object space 514560K, 37% used [0x00000000c0000000,0x00000000cbdbe470,0x00000000df680000)
 Metaspace       used 58875K, committed 60160K, reserved 1114112K
  class space    used 6170K, committed 6720K, reserved 1048576K
}

