# JRE version: OpenJDK Runtime Environment Temurin-21.0.6+7 (21.0.6+7) (build 21.0.6+7-LTS)
# Java VM: OpenJDK 64-Bit Server VM Temurin-21.0.6+7 (21.0.6+7-LTS, mixed mode, sharing, tiered, compressed oops, compressed class ptrs, parallel gc, windows-amd64)
GC Precious Log:
 CardTable entry size: 512
 CPUs: 8 total, 8 available
 Memory: 16273M
 Large Page Support: Disabled
 NUMA Support: Disabled
 Compressed Oops: Enabled (32-bit)
 Alignments: Space 512K, Generation 512K, Heap 2M
 Heap Min Capacity: 100M
 Heap Initial Capacity: 100M
 Heap Max Capacity: 1G
 Pre-touch: Disabled
 Parallel Workers: 8
Heap:
 PSYoungGen      total 24576K, used 20385K [0x00000000eab00000, 0x00000000ec780000, 0x0000000100000000)
  eden space 19968K, 79% used [0x00000000eab00000,0x00000000eba6ac40,0x00000000ebe80000)
  from space 4608K, 99% used [0x00000000ebe80000,0x00000000ec2fda78,0x00000000ec300000)
  to   space 4608K, 0% used [0x00000000ec300000,0x00000000ec300000,0x00000000ec780000)
 ParOldGen       total 86528K, used 86372K [0x00000000c0000000, 0x00000000c5480000, 0x00000000eab00000)
  object space 86528K, 99% used [0x00000000c0000000,0x00000000c5459310,0x00000000c5480000)
 Metaspace       used 68519K, committed 70016K, reserved 1114112K
  class space    used 7230K, committed 7872K, reserved 1048576K
GC Heap History (20 events):
Event: 52.463 GC heap before
{Heap before GC invocations=73 (full 3):
 PSYoungGen      total 22016K, used 21830K [0x00000000eab00000, 0x00000000ec200000, 0x0000000100000000)
  eden space 20480K, 100% used [0x00000000eab00000,0x00000000ebf00000,0x00000000ebf00000)
  from space 1536K, 87% used [0x00000000ebf00000,0x00000000ec051a70,0x00000000ec080000)
  to   space 1536K, 0% used [0x00000000ec080000,0x00000000ec080000,0x00000000ec200000)
 ParOldGen       total 68608K, used 50022K [0x00000000c0000000, 0x00000000c4300000, 0x00000000eab00000)
  object space 68608K, 72% used [0x00000000c0000000,0x00000000c30d9998,0x00000000c4300000)
 Metaspace       used 67501K, committed 68928K, reserved 1114112K
  class space    used 7134K, committed 7744K, reserved 1048576K
}
Event: 52.465 GC heap after
{Heap after GC invocations=73 (full 3):
 PSYoungGen      total 22016K, used 1381K [0x00000000eab00000, 0x00000000ec200000, 0x0000000100000000)
  eden space 20480K, 0% used [0x00000000eab00000,0x00000000eab00000,0x00000000ebf00000)
  from space 1536K, 89% used [0x00000000ec080000,0x00000000ec1d9420,0x00000000ec200000)
  to   space 1536K, 0% used [0x00000000ebf00000,0x00000000ebf00000,0x00000000ec080000)
 ParOldGen       total 68608K, used 50666K [0x00000000c0000000, 0x00000000c4300000, 0x00000000eab00000)
  object space 68608K, 73% used [0x00000000c0000000,0x00000000c317a828,0x00000000c4300000)
 Metaspace       used 67501K, committed 68928K, reserved 1114112K
  class space    used 7134K, committed 7744K, reserved 1048576K
}
Event: 53.436 GC heap before
{Heap before GC invocations=74 (full 3):
 PSYoungGen      total 22016K, used 21861K [0x00000000eab00000, 0x00000000ec200000, 0x0000000100000000)
  eden space 20480K, 100% used [0x00000000eab00000,0x00000000ebf00000,0x00000000ebf00000)
  from space 1536K, 89% used [0x00000000ec080000,0x00000000ec1d9420,0x00000000ec200000)
  to   space 1536K, 0% used [0x00000000ebf00000,0x00000000ebf00000,0x00000000ec080000)
 ParOldGen       total 68608K, used 50666K [0x00000000c0000000, 0x00000000c4300000, 0x00000000eab00000)
  object space 68608K, 73% used [0x00000000c0000000,0x00000000c317a828,0x00000000c4300000)
 Metaspace       used 68431K, committed 69888K, reserved 1114112K
  class space    used 7227K, committed 7872K, reserved 1048576K
}
Event: 53.439 GC heap after
{Heap after GC invocations=74 (full 3):
 PSYoungGen      total 22016K, used 1512K [0x00000000eab00000, 0x00000000ec900000, 0x0000000100000000)
  eden space 20480K, 0% used [0x00000000eab00000,0x00000000eab00000,0x00000000ebf00000)
  from space 1536K, 98% used [0x00000000ebf00000,0x00000000ec07a250,0x00000000ec080000)
  to   space 5120K, 0% used [0x00000000ec400000,0x00000000ec400000,0x00000000ec900000)
 ParOldGen       total 68608K, used 53487K [0x00000000c0000000, 0x00000000c4300000, 0x00000000eab00000)
  object space 68608K, 77% used [0x00000000c0000000,0x00000000c343bd78,0x00000000c4300000)
 Metaspace       used 68431K, committed 69888K, reserved 1114112K
  class space    used 7227K, committed 7872K, reserved 1048576K
}
Event: 54.198 GC heap before
{Heap before GC invocations=75 (full 3):
 PSYoungGen      total 22016K, used 21992K [0x00000000eab00000, 0x00000000ec900000, 0x0000000100000000)
  eden space 20480K, 100% used [0x00000000eab00000,0x00000000ebf00000,0x00000000ebf00000)
  from space 1536K, 98% used [0x00000000ebf00000,0x00000000ec07a250,0x00000000ec080000)
  to   space 5120K, 0% used [0x00000000ec400000,0x00000000ec400000,0x00000000ec900000)
 ParOldGen       total 68608K, used 53487K [0x00000000c0000000, 0x00000000c4300000, 0x00000000eab00000)
  object space 68608K, 77% used [0x00000000c0000000,0x00000000c343bd78,0x00000000c4300000)
 Metaspace       used 68478K, committed 69952K, reserved 1114112K
  class space    used 7227K, committed 7872K, reserved 1048576K
}
Event: 54.201 GC heap after
{Heap after GC invocations=75 (full 3):
 PSYoungGen      total 25088K, used 4898K [0x00000000eab00000, 0x00000000eca00000, 0x0000000100000000)
  eden space 19968K, 0% used [0x00000000eab00000,0x00000000eab00000,0x00000000ebe80000)
  from space 5120K, 95% used [0x00000000ec400000,0x00000000ec8c8848,0x00000000ec900000)
  to   space 5632K, 0% used [0x00000000ebe80000,0x00000000ebe80000,0x00000000ec400000)
 ParOldGen       total 68608K, used 54911K [0x00000000c0000000, 0x00000000c4300000, 0x00000000eab00000)
  object space 68608K, 80% used [0x00000000c0000000,0x00000000c359fce8,0x00000000c4300000)
 Metaspace       used 68478K, committed 69952K, reserved 1114112K
  class space    used 7227K, committed 7872K, reserved 1048576K
}
Event: 54.550 GC heap before
{Heap before GC invocations=76 (full 3):
 PSYoungGen      total 25088K, used 24860K [0x00000000eab00000, 0x00000000eca00000, 0x0000000100000000)
  eden space 19968K, 99% used [0x00000000eab00000,0x00000000ebe7eb78,0x00000000ebe80000)
  from space 5120K, 95% used [0x00000000ec400000,0x00000000ec8c8848,0x00000000ec900000)
  to   space 5632K, 0% used [0x00000000ebe80000,0x00000000ebe80000,0x00000000ec400000)
 ParOldGen       total 68608K, used 54911K [0x00000000c0000000, 0x00000000c4300000, 0x00000000eab00000)
  object space 68608K, 80% used [0x00000000c0000000,0x00000000c359fce8,0x00000000c4300000)
 Metaspace       used 68479K, committed 69952K, reserved 1114112K
  class space    used 7227K, committed 7872K, reserved 1048576K
}
Event: 54.554 GC heap after
{Heap after GC invocations=76 (full 3):
 PSYoungGen      total 24576K, used 4509K [0x00000000eab00000, 0x00000000ec880000, 0x0000000100000000)
  eden space 19968K, 0% used [0x00000000eab00000,0x00000000eab00000,0x00000000ebe80000)
  from space 4608K, 97% used [0x00000000ebe80000,0x00000000ec2e7728,0x00000000ec300000)
  to   space 5120K, 0% used [0x00000000ec380000,0x00000000ec380000,0x00000000ec880000)
 ParOldGen       total 68608K, used 59406K [0x00000000c0000000, 0x00000000c4300000, 0x00000000eab00000)
  object space 68608K, 86% used [0x00000000c0000000,0x00000000c3a03ba0,0x00000000c4300000)
 Metaspace       used 68479K, committed 69952K, reserved 1114112K
  class space    used 7227K, committed 7872K, reserved 1048576K
}
Event: 54.923 GC heap before
{Heap before GC invocations=77 (full 3):
 PSYoungGen      total 24576K, used 24477K [0x00000000eab00000, 0x00000000ec880000, 0x0000000100000000)
  eden space 19968K, 100% used [0x00000000eab00000,0x00000000ebe80000,0x00000000ebe80000)
  from space 4608K, 97% used [0x00000000ebe80000,0x00000000ec2e7728,0x00000000ec300000)
  to   space 5120K, 0% used [0x00000000ec380000,0x00000000ec380000,0x00000000ec880000)
 ParOldGen       total 68608K, used 59406K [0x00000000c0000000, 0x00000000c4300000, 0x00000000eab00000)
  object space 68608K, 86% used [0x00000000c0000000,0x00000000c3a03ba0,0x00000000c4300000)
 Metaspace       used 68482K, committed 69952K, reserved 1114112K
  class space    used 7227K, committed 7872K, reserved 1048576K
}
Event: 54.928 GC heap after
{Heap after GC invocations=77 (full 3):
 PSYoungGen      total 25088K, used 5001K [0x00000000eab00000, 0x00000000ec880000, 0x0000000100000000)
  eden space 19968K, 0% used [0x00000000eab00000,0x00000000eab00000,0x00000000ebe80000)
  from space 5120K, 97% used [0x00000000ec380000,0x00000000ec8626a8,0x00000000ec880000)
  to   space 5120K, 0% used [0x00000000ebe80000,0x00000000ebe80000,0x00000000ec380000)
 ParOldGen       total 68608K, used 63562K [0x00000000c0000000, 0x00000000c4300000, 0x00000000eab00000)
  object space 68608K, 92% used [0x00000000c0000000,0x00000000c3e12978,0x00000000c4300000)
 Metaspace       used 68482K, committed 69952K, reserved 1114112K
  class space    used 7227K, committed 7872K, reserved 1048576K
}
Event: 55.823 GC heap before
{Heap before GC invocations=78 (full 3):
 PSYoungGen      total 25088K, used 24969K [0x00000000eab00000, 0x00000000ec880000, 0x0000000100000000)
  eden space 19968K, 100% used [0x00000000eab00000,0x00000000ebe80000,0x00000000ebe80000)
  from space 5120K, 97% used [0x00000000ec380000,0x00000000ec8626a8,0x00000000ec880000)
  to   space 5120K, 0% used [0x00000000ebe80000,0x00000000ebe80000,0x00000000ec380000)
 ParOldGen       total 68608K, used 63562K [0x00000000c0000000, 0x00000000c4300000, 0x00000000eab00000)
  object space 68608K, 92% used [0x00000000c0000000,0x00000000c3e12978,0x00000000c4300000)
 Metaspace       used 68483K, committed 69952K, reserved 1114112K
  class space    used 7227K, committed 7872K, reserved 1048576K
}
Event: 55.827 GC heap after
{Heap after GC invocations=78 (full 3):
 PSYoungGen      total 25088K, used 4772K [0x00000000eab00000, 0x00000000ec880000, 0x0000000100000000)
  eden space 19968K, 0% used [0x00000000eab00000,0x00000000eab00000,0x00000000ebe80000)
  from space 5120K, 93% used [0x00000000ebe80000,0x00000000ec329000,0x00000000ec380000)
  to   space 5120K, 0% used [0x00000000ec380000,0x00000000ec380000,0x00000000ec880000)
 ParOldGen       total 68608K, used 68267K [0x00000000c0000000, 0x00000000c4300000, 0x00000000eab00000)
  object space 68608K, 99% used [0x00000000c0000000,0x00000000c42aac58,0x00000000c4300000)
 Metaspace       used 68483K, committed 69952K, reserved 1114112K
  class space    used 7227K, committed 7872K, reserved 1048576K
}
Event: 57.120 GC heap before
{Heap before GC invocations=79 (full 3):
 PSYoungGen      total 25088K, used 24740K [0x00000000eab00000, 0x00000000ec880000, 0x0000000100000000)
  eden space 19968K, 100% used [0x00000000eab00000,0x00000000ebe80000,0x00000000ebe80000)
  from space 5120K, 93% used [0x00000000ebe80000,0x00000000ec329000,0x00000000ec380000)
  to   space 5120K, 0% used [0x00000000ec380000,0x00000000ec380000,0x00000000ec880000)
 ParOldGen       total 68608K, used 68267K [0x00000000c0000000, 0x00000000c4300000, 0x00000000eab00000)
  object space 68608K, 99% used [0x00000000c0000000,0x00000000c42aac58,0x00000000c4300000)
 Metaspace       used 68495K, committed 69952K, reserved 1114112K
  class space    used 7227K, committed 7872K, reserved 1048576K
}
Event: 57.124 GC heap after
{Heap after GC invocations=79 (full 3):
 PSYoungGen      total 25088K, used 4660K [0x00000000eab00000, 0x00000000ec880000, 0x0000000100000000)
  eden space 19968K, 0% used [0x00000000eab00000,0x00000000eab00000,0x00000000ebe80000)
  from space 5120K, 91% used [0x00000000ec380000,0x00000000ec80d208,0x00000000ec880000)
  to   space 5120K, 0% used [0x00000000ebe80000,0x00000000ebe80000,0x00000000ec380000)
 ParOldGen       total 72704K, used 72681K [0x00000000c0000000, 0x00000000c4700000, 0x00000000eab00000)
  object space 72704K, 99% used [0x00000000c0000000,0x00000000c46fa438,0x00000000c4700000)
 Metaspace       used 68495K, committed 69952K, reserved 1114112K
  class space    used 7227K, committed 7872K, reserved 1048576K
}
Event: 58.526 GC heap before
{Heap before GC invocations=80 (full 3):
 PSYoungGen      total 25088K, used 24628K [0x00000000eab00000, 0x00000000ec880000, 0x0000000100000000)
  eden space 19968K, 100% used [0x00000000eab00000,0x00000000ebe80000,0x00000000ebe80000)
  from space 5120K, 91% used [0x00000000ec380000,0x00000000ec80d208,0x00000000ec880000)
  to   space 5120K, 0% used [0x00000000ebe80000,0x00000000ebe80000,0x00000000ec380000)
 ParOldGen       total 72704K, used 72681K [0x00000000c0000000, 0x00000000c4700000, 0x00000000eab00000)
  object space 72704K, 99% used [0x00000000c0000000,0x00000000c46fa438,0x00000000c4700000)
 Metaspace       used 68496K, committed 69952K, reserved 1114112K
  class space    used 7227K, committed 7872K, reserved 1048576K
}
Event: 58.531 GC heap after
{Heap after GC invocations=80 (full 3):
 PSYoungGen      total 24576K, used 4558K [0x00000000eab00000, 0x00000000ec780000, 0x0000000100000000)
  eden space 19968K, 0% used [0x00000000eab00000,0x00000000eab00000,0x00000000ebe80000)
  from space 4608K, 98% used [0x00000000ebe80000,0x00000000ec2f39d0,0x00000000ec300000)
  to   space 4608K, 0% used [0x00000000ec300000,0x00000000ec300000,0x00000000ec780000)
 ParOldGen       total 77312K, used 77051K [0x00000000c0000000, 0x00000000c4b80000, 0x00000000eab00000)
  object space 77312K, 99% used [0x00000000c0000000,0x00000000c4b3ec70,0x00000000c4b80000)
 Metaspace       used 68496K, committed 69952K, reserved 1114112K
  class space    used 7227K, committed 7872K, reserved 1048576K
}
Event: 59.153 GC heap before
{Heap before GC invocations=81 (full 3):
 PSYoungGen      total 24576K, used 24526K [0x00000000eab00000, 0x00000000ec780000, 0x0000000100000000)
  eden space 19968K, 100% used [0x00000000eab00000,0x00000000ebe80000,0x00000000ebe80000)
  from space 4608K, 98% used [0x00000000ebe80000,0x00000000ec2f39d0,0x00000000ec300000)
  to   space 4608K, 0% used [0x00000000ec300000,0x00000000ec300000,0x00000000ec780000)
 ParOldGen       total 77312K, used 77051K [0x00000000c0000000, 0x00000000c4b80000, 0x00000000eab00000)
  object space 77312K, 99% used [0x00000000c0000000,0x00000000c4b3ec70,0x00000000c4b80000)
 Metaspace       used 68499K, committed 69952K, reserved 1114112K
  class space    used 7227K, committed 7872K, reserved 1048576K
}
Event: 59.158 GC heap after
{Heap after GC invocations=81 (full 3):
 PSYoungGen      total 24576K, used 4264K [0x00000000eab00000, 0x00000000ec780000, 0x0000000100000000)
  eden space 19968K, 0% used [0x00000000eab00000,0x00000000eab00000,0x00000000ebe80000)
  from space 4608K, 92% used [0x00000000ec300000,0x00000000ec72a010,0x00000000ec780000)
  to   space 4608K, 0% used [0x00000000ebe80000,0x00000000ebe80000,0x00000000ec300000)
 ParOldGen       total 82432K, used 82180K [0x00000000c0000000, 0x00000000c5080000, 0x00000000eab00000)
  object space 82432K, 99% used [0x00000000c0000000,0x00000000c5041258,0x00000000c5080000)
 Metaspace       used 68499K, committed 69952K, reserved 1114112K
  class space    used 7227K, committed 7872K, reserved 1048576K
}
Event: 59.574 GC heap before
{Heap before GC invocations=82 (full 3):
 PSYoungGen      total 24576K, used 24232K [0x00000000eab00000, 0x00000000ec780000, 0x0000000100000000)
  eden space 19968K, 100% used [0x00000000eab00000,0x00000000ebe80000,0x00000000ebe80000)
  from space 4608K, 92% used [0x00000000ec300000,0x00000000ec72a010,0x00000000ec780000)
  to   space 4608K, 0% used [0x00000000ebe80000,0x00000000ebe80000,0x00000000ec300000)
 ParOldGen       total 82432K, used 82180K [0x00000000c0000000, 0x00000000c5080000, 0x00000000eab00000)
  object space 82432K, 99% used [0x00000000c0000000,0x00000000c5041258,0x00000000c5080000)
 Metaspace       used 68518K, committed 70016K, reserved 1114112K
  class space    used 7230K, committed 7872K, reserved 1048576K
}
Event: 59.578 GC heap after
{Heap after GC invocations=82 (full 3):
 PSYoungGen      total 24576K, used 4598K [0x00000000eab00000, 0x00000000ec780000, 0x0000000100000000)
  eden space 19968K, 0% used [0x00000000eab00000,0x00000000eab00000,0x00000000ebe80000)
  from space 4608K, 99% used [0x00000000ebe80000,0x00000000ec2fda78,0x00000000ec300000)
  to   space 4608K, 0% used [0x00000000ec300000,0x00000000ec300000,0x00000000ec780000)
 ParOldGen       total 86528K, used 86372K [0x00000000c0000000, 0x00000000c5480000, 0x00000000eab00000)
  object space 86528K, 99% used [0x00000000c0000000,0x00000000c5459310,0x00000000c5480000)
 Metaspace       used 68518K, committed 70016K, reserved 1114112K
  class space    used 7230K, committed 7872K, reserved 1048576K
}

